<?xml version="1.0" encoding="UTF-8"?>
<!-- Generated by org.testng.reporters.JUnitReportReporter -->
<testsuite skipped="0" hostname="superadmins-MacBook-Pro-41.local" name="Test1.TC_DealAPI" tests="4" failures="0" timestamp="2020-04-17T12:04:35 IST" time="5.996" errors="0">
  <testcase name="test_APIallemployee" time="2.020" classname="Test1.TC_DealAPI"/>
  <system-out/>
  <testcase name="test_POSTdata" time="1.330" classname="Test1.TC_DealAPI"/>
  <system-out/>
  <testcase name="PutRequest" time="1.144" classname="Test1.TC_DealAPI"/>
  <system-out/>
  <testcase name="deleterequest" time="1.502" classname="Test1.TC_DealAPI"/>
  <system-out/>
</testsuite> <!-- Test1.TC_DealAPI -->
