<?xml version="1.0" encoding="UTF-8"?>
<!-- Generated by org.testng.reporters.JUnitReportReporter -->
<testsuite skipped="0" hostname="superadmins-MacBook-Pro-41.local" name="TC_DealAPI" tests="4" failures="0" timestamp="2020-04-17T11:53:55 IST" time="6.153" errors="0">
  <testcase name="test_APIallemployee" time="2.296" classname="TC_DealAPI"/>
  <system-out/>
  <testcase name="test_POSTdata" time="1.542" classname="TC_DealAPI"/>
  <system-out/>
  <testcase name="PutRequest" time="1.184" classname="TC_DealAPI"/>
  <system-out/>
  <testcase name="deleterequest" time="1.131" classname="TC_DealAPI"/>
  <system-out/>
</testsuite> <!-- TC_DealAPI -->
